Using pre-set license
Built from '2020.3/staging' branch; Version is '2020.3.28f1 (f5400f52e03f) revision 16072719'; Using compiler version '192528614'; Build Type 'Release'
OS: 'Windows 10  (10.0.19044) 64bit Professional' Language: 'en' Physical Memory: 16315 MB
BatchMode: 1, IsHumanControllingUs: 0, StartBugReporterOnCrash: 0, Is64bit: 1, IsPro: 0

COMMAND LINE ARGUMENTS:
C:\Program Files\Unity\Hub\Editor\2020.3.28f1\Editor\Unity.exe
-adb2
-batchMode
-noUpm
-name
AssetImportWorker0
-projectPath
C:/Users/mohem/Documents/Projects/Unity/freedom-game
-logFile
Logs/AssetImportWorker0.log
-srvPort
60616
Successfully changed project path to: C:/Users/mohem/Documents/Projects/Unity/freedom-game
C:/Users/mohem/Documents/Projects/Unity/freedom-game
Using Asset Import Pipeline V2.
Refreshing native plugins compatible for Editor in 90.19 ms, found 7 plugins.
Preloading 0 native plugins for Editor in 0.00 ms.
Initialize engine version: 2020.3.28f1 (f5400f52e03f)
[Subsystems] Discovering subsystems at path C:/Program Files/Unity/Hub/Editor/2020.3.28f1/Editor/Data/Resources/UnitySubsystems
[Subsystems] Discovering subsystems at path C:/Users/mohem/Documents/Projects/Unity/freedom-game/Assets
GfxDevice: creating device client; threaded=0
d3d12: loaded!
Direct3D:
    Version:         Direct3D 12 [level 12.1]
    Renderer:        NVIDIA GeForce RTX 2070 SUPER (ID=0x1e84)
    Vendor:          
    VRAM:            8011 MB
    App VRAM Budget: 7243 MB
    Driver:          30.0.15.1179
d3d12: Profiler is enabled, but stable power state is not. GPU timing errors are expected.
Initialize mono
Mono path[0] = 'C:/Program Files/Unity/Hub/Editor/2020.3.28f1/Editor/Data/Managed'
Mono path[1] = 'C:/Program Files/Unity/Hub/Editor/2020.3.28f1/Editor/Data/MonoBleedingEdge/lib/mono/unityjit'
Mono config path = 'C:/Program Files/Unity/Hub/Editor/2020.3.28f1/Editor/Data/MonoBleedingEdge/etc'
Using monoOptions --debugger-agent=transport=dt_socket,embedding=1,server=y,suspend=n,address=127.0.0.1:56300
Begin MonoManager ReloadAssembly
Registering precompiled unity dll's ...
Register platform support module: C:/Program Files/Unity/Hub/Editor/2020.3.28f1/Editor/Data/PlaybackEngines/WindowsStandaloneSupport/UnityEditor.WindowsStandalone.Extensions.dll
Registered in 0.001779 seconds.
Native extension for WindowsStandalone target not found
Refreshing native plugins compatible for Editor in 79.77 ms, found 7 plugins.
Preloading 0 native plugins for Editor in 0.00 ms.
Mono: successfully reloaded assembly
- Completed reload, in  0.550 seconds
Domain Reload Profiling:
	ReloadAssembly (550ms)
		BeginReloadAssembly (54ms)
			ExecutionOrderSort (0ms)
			DisableScriptedObjects (0ms)
			BackupInstance (0ms)
			ReleaseScriptingObjects (0ms)
			CreateAndSetChildDomain (1ms)
		EndReloadAssembly (435ms)
			LoadAssemblies (52ms)
			RebuildTransferFunctionScriptingTraits (0ms)
			SetupTypeCache (125ms)
			ReleaseScriptCaches (0ms)
			RebuildScriptCaches (26ms)
			SetupLoadedEditorAssemblies (192ms)
				LogAssemblyErrors (0ms)
				InitializePlatformSupportModulesInManaged (4ms)
				SetLoadedEditorAssemblies (0ms)
				RefreshPlugins (80ms)
				BeforeProcessingInitializeOnLoad (11ms)
				ProcessInitializeOnLoadAttributes (72ms)
				ProcessInitializeOnLoadMethodAttributes (25ms)
				AfterProcessingInitializeOnLoad (0ms)
				EditorAssembliesLoaded (0ms)
			ExecutionOrderSort2 (0ms)
			AwakeInstancesAfterBackupRestoration (0ms)
Platform modules already initialized, skipping
Registering precompiled user dll's ...
Registered in 0.011612 seconds.
Begin MonoManager ReloadAssembly
Native extension for WindowsStandalone target not found
Refreshing native plugins compatible for Editor in 83.58 ms, found 7 plugins.
Preloading 0 native plugins for Editor in 0.00 ms.
Mono: successfully reloaded assembly
- Completed reload, in  1.557 seconds
Domain Reload Profiling:
	ReloadAssembly (1558ms)
		BeginReloadAssembly (137ms)
			ExecutionOrderSort (0ms)
			DisableScriptedObjects (4ms)
			BackupInstance (0ms)
			ReleaseScriptingObjects (0ms)
			CreateAndSetChildDomain (16ms)
		EndReloadAssembly (1365ms)
			LoadAssemblies (99ms)
			RebuildTransferFunctionScriptingTraits (0ms)
			SetupTypeCache (334ms)
			ReleaseScriptCaches (1ms)
			RebuildScriptCaches (76ms)
			SetupLoadedEditorAssemblies (743ms)
				LogAssemblyErrors (0ms)
				InitializePlatformSupportModulesInManaged (3ms)
				SetLoadedEditorAssemblies (0ms)
				RefreshPlugins (84ms)
				BeforeProcessingInitializeOnLoad (109ms)
				ProcessInitializeOnLoadAttributes (278ms)
				ProcessInitializeOnLoadMethodAttributes (263ms)
				AfterProcessingInitializeOnLoad (6ms)
				EditorAssembliesLoaded (0ms)
			ExecutionOrderSort2 (0ms)
			AwakeInstancesAfterBackupRestoration (5ms)
Platform modules already initialized, skipping
========================================================================
Worker process is ready to serve import requests
Launched and connected shader compiler UnityShaderCompiler.exe after 0.08 seconds
Refreshing native plugins compatible for Editor in 0.92 ms, found 7 plugins.
Preloading 0 native plugins for Editor in 0.00 ms.
Unloading 4694 Unused Serialized files (Serialized files now loaded: 0)
System memory in use before: 243.0 MB.
System memory in use after: 243.2 MB.

Unloading 41 unused Assets to reduce memory usage. Loaded Objects now: 5132.
Total: 3.553100 ms (FindLiveObjects: 0.323400 ms CreateObjectMapping: 0.238400 ms MarkObjects: 2.928900 ms  DeleteObjects: 0.061500 ms)

AssetImportParameters requested are different than current active one (requested -> active):
  custom:framework-win-MediaFoundation: 216162199b28c13a410421893ffa2e32 -> 
  custom:video-decoder-ogg-theora: a1e56fd34408186e4bbccfd4996cb3dc -> 
  custom:container-muxer-webm: aa71ff27fc2769a1b78a27578f13a17b -> 
  custom:container-demuxer-webm: 4f35f7cbe854078d1ac9338744f61a02 -> 
  custom:container-demuxer-ogg: 62fdf1f143b41e24485cea50d1cbac27 -> 
  custom:video-encoder-webm-vp8: eb34c28f22e8b96e1ab97ce403110664 -> 
  custom:video-decoder-webm-vp8: 9c59270c3fd7afecdb556c50c9e8de78 -> 
  custom:audio-decoder-ogg-vorbis: bf7c407c2cedff20999df2af8eb42d56 -> 
  custom:audio-encoder-webm-vorbis: bf7c407c2cedff20999df2af8eb42d56 -> 
========================================================================
Received Import Request.
  path: Assets/Textures
  artifactKey: Guid(05a7efd6c3f1fa84a87a4fa60a1ac504) Importer(815301076,1909f56bfc062723c751e8b465ee728b)
Start importing Assets/Textures using Guid(05a7efd6c3f1fa84a87a4fa60a1ac504) Importer(815301076,1909f56bfc062723c751e8b465ee728b)  -> (artifact id: '9afe4ef0d90e3d739a4adaa4b9d5c7d2') in 0.010386 seconds 
  Import took 0.018272 seconds .

========================================================================
Received Import Request.
  Time since last request: 120.414661 seconds.
  path: Assets/Textures/plane.png
  artifactKey: Guid(2338fba2604669b4183cb9167553cd25) Importer(815301076,1909f56bfc062723c751e8b465ee728b)
Start importing Assets/Textures/plane.png using Guid(2338fba2604669b4183cb9167553cd25) Importer(815301076,1909f56bfc062723c751e8b465ee728b)  -> (artifact id: 'eab240e6345b4b221c053c175eccd98a') in 0.089523 seconds 
  Import took 0.098000 seconds .

========================================================================
Received Import Request.
  Time since last request: 8.418693 seconds.
  path: Assets/Textures/plane.png
  artifactKey: Guid(2338fba2604669b4183cb9167553cd25) Importer(815301076,1909f56bfc062723c751e8b465ee728b)
Start importing Assets/Textures/plane.png using Guid(2338fba2604669b4183cb9167553cd25) Importer(815301076,1909f56bfc062723c751e8b465ee728b)  -> (artifact id: '25cf194f5bc792cebc12282c997eb28d') in 0.082087 seconds 
  Import took 0.088915 seconds .

========================================================================
Received Import Request.
  Time since last request: 259.562954 seconds.
  path: Assets/Textures/Grass100.png
  artifactKey: Guid(35ab5cca47e7bf346961cc192c124e70) Importer(815301076,1909f56bfc062723c751e8b465ee728b)
Start importing Assets/Textures/Grass100.png using Guid(35ab5cca47e7bf346961cc192c124e70) Importer(815301076,1909f56bfc062723c751e8b465ee728b)  -> (artifact id: '308ba7c8c88532e7b207886b87213f43') in 0.016453 seconds 
  Import took 0.024257 seconds .

========================================================================
Received Import Request.
  Time since last request: 0.000172 seconds.
  path: Assets/Textures/Grass400.png
  artifactKey: Guid(4b5bb1691ef35534997847c4bd8319ab) Importer(815301076,1909f56bfc062723c751e8b465ee728b)
Start importing Assets/Textures/Grass400.png using Guid(4b5bb1691ef35534997847c4bd8319ab) Importer(815301076,1909f56bfc062723c751e8b465ee728b)  -> (artifact id: '5e2164a4b9b9b677f74b91f6e4ecc092') in 0.014609 seconds 
  Import took 0.021396 seconds .

========================================================================
Received Import Request.
  Time since last request: 0.000239 seconds.
  path: Assets/Textures/Grass200.png
  artifactKey: Guid(902f35ca5cb3203498b880eb5e352545) Importer(815301076,1909f56bfc062723c751e8b465ee728b)
Start importing Assets/Textures/Grass200.png using Guid(902f35ca5cb3203498b880eb5e352545) Importer(815301076,1909f56bfc062723c751e8b465ee728b)  -> (artifact id: 'b865948da6f21bf0f43c5bcedf8e686a') in 0.013979 seconds 
  Import took 0.020830 seconds .

========================================================================
Received Import Request.
  Time since last request: 0.000226 seconds.
  path: Assets/Textures/Grass300.png
  artifactKey: Guid(9c98c0c48ead61248adc78f156cf011a) Importer(815301076,1909f56bfc062723c751e8b465ee728b)
Start importing Assets/Textures/Grass300.png using Guid(9c98c0c48ead61248adc78f156cf011a) Importer(815301076,1909f56bfc062723c751e8b465ee728b)  -> (artifact id: '99e8a86077b65b451c278fb255f48263') in 0.011243 seconds 
  Import took 0.020110 seconds .

========================================================================
Received Import Request.
  Time since last request: 41.434927 seconds.
  path: Assets/Textures/Grass100.terrainlayer
  artifactKey: Guid(903f8af880ed25442b7db1308fec1636) Importer(815301076,1909f56bfc062723c751e8b465ee728b)
Start importing Assets/Textures/Grass100.terrainlayer using Guid(903f8af880ed25442b7db1308fec1636) Importer(815301076,1909f56bfc062723c751e8b465ee728b)  -> (artifact id: 'eea6ec69f0fe1b656c1645f6d458346d') in 0.034343 seconds 
  Import took 0.041392 seconds .

========================================================================
Received Import Request.
  Time since last request: 6.299806 seconds.
  path: Assets/Textures/Grass200.terrainlayer
  artifactKey: Guid(af23cb0060c7b6446a84fa4f67c64a61) Importer(815301076,1909f56bfc062723c751e8b465ee728b)
Start importing Assets/Textures/Grass200.terrainlayer using Guid(af23cb0060c7b6446a84fa4f67c64a61) Importer(815301076,1909f56bfc062723c751e8b465ee728b)  -> (artifact id: 'db6d5e85d56d4f90fdc732508abd4cc4') in 0.013388 seconds 
  Import took 0.020626 seconds .

========================================================================
Received Import Request.
  Time since last request: 5.728597 seconds.
  path: Assets/Textures/Grass300.terrainlayer
  artifactKey: Guid(052cc65f3bd672e4ab1bf9378046892b) Importer(815301076,1909f56bfc062723c751e8b465ee728b)
Start importing Assets/Textures/Grass300.terrainlayer using Guid(052cc65f3bd672e4ab1bf9378046892b) Importer(815301076,1909f56bfc062723c751e8b465ee728b)  -> (artifact id: '9b62660f204865c9c9bd07f2e8f73be7') in 0.012999 seconds 
  Import took 0.019840 seconds .

========================================================================
Received Import Request.
  Time since last request: 4.791910 seconds.
  path: Assets/Textures/Grass400.terrainlayer
  artifactKey: Guid(eb571c4b1a2612343b0b2ded0dcb8a06) Importer(815301076,1909f56bfc062723c751e8b465ee728b)
Start importing Assets/Textures/Grass400.terrainlayer using Guid(eb571c4b1a2612343b0b2ded0dcb8a06) Importer(815301076,1909f56bfc062723c751e8b465ee728b)  -> (artifact id: '9c1faed96e2570749c03a9864eee063e') in 0.012318 seconds 
  Import took 0.019015 seconds .

========================================================================
Received Import Request.
  Time since last request: 224.092664 seconds.
  path: Assets/Textures/Grass200.png
  artifactKey: Guid(902f35ca5cb3203498b880eb5e352545) Importer(815301076,1909f56bfc062723c751e8b465ee728b)
Start importing Assets/Textures/Grass200.png using Guid(902f35ca5cb3203498b880eb5e352545) Importer(815301076,1909f56bfc062723c751e8b465ee728b)  -> (artifact id: '669ce56a1726f1e29a0fc8168052d396') in 0.014020 seconds 
  Import took 0.022294 seconds .

========================================================================
Received Import Request.
  Time since last request: 122.498282 seconds.
  path: Assets/Textures/Grass100.terrainlayer
  artifactKey: Guid(903f8af880ed25442b7db1308fec1636) Importer(815301076,1909f56bfc062723c751e8b465ee728b)
Start importing Assets/Textures/Grass100.terrainlayer using Guid(903f8af880ed25442b7db1308fec1636) Importer(815301076,1909f56bfc062723c751e8b465ee728b)  -> (artifact id: '4fda87016fcfa0d2f3225be4316fbcd2') in 0.052828 seconds 
  Import took 0.060671 seconds .

========================================================================
Received Import Request.
  Time since last request: 0.000226 seconds.
  path: Assets/Textures/Grass200.terrainlayer
  artifactKey: Guid(af23cb0060c7b6446a84fa4f67c64a61) Importer(815301076,1909f56bfc062723c751e8b465ee728b)
Start importing Assets/Textures/Grass200.terrainlayer using Guid(af23cb0060c7b6446a84fa4f67c64a61) Importer(815301076,1909f56bfc062723c751e8b465ee728b)  -> (artifact id: '7c7b111c8e7a7d62da4a36f6aa09ee27') in 0.014028 seconds 
  Import took 0.021233 seconds .

========================================================================
Received Import Request.
  Time since last request: 0.000216 seconds.
  path: Assets/Textures/Grass400 1.terrainlayer
  artifactKey: Guid(8f31c12cae52d214d877f7c94fbb931e) Importer(815301076,1909f56bfc062723c751e8b465ee728b)
Start importing Assets/Textures/Grass400 1.terrainlayer using Guid(8f31c12cae52d214d877f7c94fbb931e) Importer(815301076,1909f56bfc062723c751e8b465ee728b)  -> (artifact id: 'cf7f2c967ef067462145103443698a10') in 0.059764 seconds 
  Import took 0.066391 seconds .

========================================================================
Received Import Request.
  Time since last request: 0.000245 seconds.
  path: Assets/Textures/Grass300.terrainlayer
  artifactKey: Guid(052cc65f3bd672e4ab1bf9378046892b) Importer(815301076,1909f56bfc062723c751e8b465ee728b)
Start importing Assets/Textures/Grass300.terrainlayer using Guid(052cc65f3bd672e4ab1bf9378046892b) Importer(815301076,1909f56bfc062723c751e8b465ee728b)  -> (artifact id: '21f6f0af851ff46bbca55c6b78faade0') in 0.010064 seconds 
  Import took 0.016761 seconds .

========================================================================
Received Import Request.
  Time since last request: 0.000192 seconds.
  path: Assets/Textures/Grass400.terrainlayer
  artifactKey: Guid(eb571c4b1a2612343b0b2ded0dcb8a06) Importer(815301076,1909f56bfc062723c751e8b465ee728b)
Start importing Assets/Textures/Grass400.terrainlayer using Guid(eb571c4b1a2612343b0b2ded0dcb8a06) Importer(815301076,1909f56bfc062723c751e8b465ee728b)  -> (artifact id: '9204e74af0400084449dbf4c6f4ba582') in 0.025966 seconds 
  Import took 0.033217 seconds .

========================================================================
Received Import Request.
  Time since last request: 5.707425 seconds.
  path: Assets/Textures/Grass1000.terrainlayer
  artifactKey: Guid(8f31c12cae52d214d877f7c94fbb931e) Importer(815301076,1909f56bfc062723c751e8b465ee728b)
Start importing Assets/Textures/Grass1000.terrainlayer using Guid(8f31c12cae52d214d877f7c94fbb931e) Importer(815301076,1909f56bfc062723c751e8b465ee728b)  -> (artifact id: 'a8ff6a1009a9cf0ee92017a344073727') in 0.012908 seconds 
  Import took 0.020091 seconds .

========================================================================
Received Import Request.
  Time since last request: 75.677605 seconds.
  path: Assets/New Terrain.asset
  artifactKey: Guid(78c28574588494143afa03a3babe9b84) Importer(815301076,1909f56bfc062723c751e8b465ee728b)
Start importing Assets/New Terrain.asset using Guid(78c28574588494143afa03a3babe9b84) Importer(815301076,1909f56bfc062723c751e8b465ee728b)  -> (artifact id: '5b431a4e5b880753aa9a5d731298a151') in 0.070086 seconds 
  Import took 0.078127 seconds .

========================================================================
Received Prepare
Registering precompiled user dll's ...
Registered in 0.026461 seconds.
Begin MonoManager ReloadAssembly
Native extension for WindowsStandalone target not found
Refreshing native plugins compatible for Editor in 0.94 ms, found 7 plugins.
Preloading 0 native plugins for Editor in 0.00 ms.
Mono: successfully reloaded assembly
- Completed reload, in  1.460 seconds
Domain Reload Profiling:
	ReloadAssembly (1461ms)
		BeginReloadAssembly (131ms)
			ExecutionOrderSort (0ms)
			DisableScriptedObjects (5ms)
			BackupInstance (0ms)
			ReleaseScriptingObjects (0ms)
			CreateAndSetChildDomain (43ms)
		EndReloadAssembly (1270ms)
			LoadAssemblies (106ms)
			RebuildTransferFunctionScriptingTraits (0ms)
			SetupTypeCache (368ms)
			ReleaseScriptCaches (2ms)
			RebuildScriptCaches (69ms)
			SetupLoadedEditorAssemblies (427ms)
				LogAssemblyErrors (0ms)
				InitializePlatformSupportModulesInManaged (3ms)
				SetLoadedEditorAssemblies (0ms)
				RefreshPlugins (1ms)
				BeforeProcessingInitializeOnLoad (120ms)
				ProcessInitializeOnLoadAttributes (280ms)
				ProcessInitializeOnLoadMethodAttributes (16ms)
				AfterProcessingInitializeOnLoad (6ms)
				EditorAssembliesLoaded (0ms)
			ExecutionOrderSort2 (0ms)
			AwakeInstancesAfterBackupRestoration (8ms)
Platform modules already initialized, skipping
Refreshing native plugins compatible for Editor in 1.01 ms, found 7 plugins.
Preloading 0 native plugins for Editor in 0.00 ms.
Unloading 4373 Unused Serialized files (Serialized files now loaded: 0)
System memory in use before: 251.8 MB.
System memory in use after: 252.1 MB.

Unloading 34 unused Assets to reduce memory usage. Loaded Objects now: 5171.
Total: 5.803500 ms (FindLiveObjects: 0.880500 ms CreateObjectMapping: 1.133800 ms MarkObjects: 3.757000 ms  DeleteObjects: 0.031100 ms)

AssetImportParameters requested are different than current active one (requested -> active):
  custom:framework-win-MediaFoundation: 216162199b28c13a410421893ffa2e32 -> 
  custom:video-decoder-ogg-theora: a1e56fd34408186e4bbccfd4996cb3dc -> 
  custom:container-muxer-webm: aa71ff27fc2769a1b78a27578f13a17b -> 
  custom:container-demuxer-webm: 4f35f7cbe854078d1ac9338744f61a02 -> 
  custom:container-demuxer-ogg: 62fdf1f143b41e24485cea50d1cbac27 -> 
  custom:video-encoder-webm-vp8: eb34c28f22e8b96e1ab97ce403110664 -> 
  custom:video-decoder-webm-vp8: 9c59270c3fd7afecdb556c50c9e8de78 -> 
  custom:audio-decoder-ogg-vorbis: bf7c407c2cedff20999df2af8eb42d56 -> 
  custom:audio-encoder-webm-vorbis: bf7c407c2cedff20999df2af8eb42d56 -> 
========================================================================
Received Prepare
Registering precompiled user dll's ...
Registered in 0.008264 seconds.
Begin MonoManager ReloadAssembly
Native extension for WindowsStandalone target not found
Refreshing native plugins compatible for Editor in 1.30 ms, found 7 plugins.
Preloading 0 native plugins for Editor in 0.00 ms.
Mono: successfully reloaded assembly
- Completed reload, in  1.419 seconds
Domain Reload Profiling:
	ReloadAssembly (1420ms)
		BeginReloadAssembly (123ms)
			ExecutionOrderSort (0ms)
			DisableScriptedObjects (4ms)
			BackupInstance (0ms)
			ReleaseScriptingObjects (0ms)
			CreateAndSetChildDomain (40ms)
		EndReloadAssembly (1234ms)
			LoadAssemblies (106ms)
			RebuildTransferFunctionScriptingTraits (0ms)
			SetupTypeCache (357ms)
			ReleaseScriptCaches (2ms)
			RebuildScriptCaches (69ms)
			SetupLoadedEditorAssemblies (428ms)
				LogAssemblyErrors (0ms)
				InitializePlatformSupportModulesInManaged (4ms)
				SetLoadedEditorAssemblies (1ms)
				RefreshPlugins (1ms)
				BeforeProcessingInitializeOnLoad (119ms)
				ProcessInitializeOnLoadAttributes (282ms)
				ProcessInitializeOnLoadMethodAttributes (14ms)
				AfterProcessingInitializeOnLoad (7ms)
				EditorAssembliesLoaded (0ms)
			ExecutionOrderSort2 (0ms)
			AwakeInstancesAfterBackupRestoration (16ms)
Platform modules already initialized, skipping
Refreshing native plugins compatible for Editor in 0.95 ms, found 7 plugins.
Preloading 0 native plugins for Editor in 0.00 ms.
Unloading 4359 Unused Serialized files (Serialized files now loaded: 0)
System memory in use before: 265.3 MB.
System memory in use after: 265.5 MB.

Unloading 34 unused Assets to reduce memory usage. Loaded Objects now: 5174.
Total: 4.064500 ms (FindLiveObjects: 0.397500 ms CreateObjectMapping: 0.318800 ms MarkObjects: 3.315000 ms  DeleteObjects: 0.032300 ms)

AssetImportParameters requested are different than current active one (requested -> active):
  custom:framework-win-MediaFoundation: 216162199b28c13a410421893ffa2e32 -> 
  custom:video-decoder-ogg-theora: a1e56fd34408186e4bbccfd4996cb3dc -> 
  custom:container-muxer-webm: aa71ff27fc2769a1b78a27578f13a17b -> 
  custom:container-demuxer-webm: 4f35f7cbe854078d1ac9338744f61a02 -> 
  custom:container-demuxer-ogg: 62fdf1f143b41e24485cea50d1cbac27 -> 
  custom:video-encoder-webm-vp8: eb34c28f22e8b96e1ab97ce403110664 -> 
  custom:video-decoder-webm-vp8: 9c59270c3fd7afecdb556c50c9e8de78 -> 
  custom:audio-decoder-ogg-vorbis: bf7c407c2cedff20999df2af8eb42d56 -> 
  custom:audio-encoder-webm-vorbis: bf7c407c2cedff20999df2af8eb42d56 -> 
========================================================================
Received Import Request.
  Time since last request: 386.324333 seconds.
  path: Assets/HDRPDefaultResources/HDRenderPipelineAsset.asset
  artifactKey: Guid(de75f96f2725dfe4fabbe224be3eed99) Importer(815301076,1909f56bfc062723c751e8b465ee728b)
Start importing Assets/HDRPDefaultResources/HDRenderPipelineAsset.asset using Guid(de75f96f2725dfe4fabbe224be3eed99) Importer(815301076,1909f56bfc062723c751e8b465ee728b)  -> (artifact id: '6581600c3dfad50073c571c78638fdbe') in 0.022256 seconds 
  Import took 0.031664 seconds .

========================================================================
Received Import Request.
  Time since last request: 23.551544 seconds.
  path: Packages/com.unity.render-pipelines.high-definition/Runtime/RenderPipelineResources/Texture/DebugFont.tga
  artifactKey: Guid(a3ad2df0e49aaa341a3b3a80f93b3f66) Importer(815301076,1909f56bfc062723c751e8b465ee728b)
Start importing Packages/com.unity.render-pipelines.high-definition/Runtime/RenderPipelineResources/Texture/DebugFont.tga using Guid(a3ad2df0e49aaa341a3b3a80f93b3f66) Importer(815301076,1909f56bfc062723c751e8b465ee728b)  -> (artifact id: '8fa04bedea3bc552a8fbf7f869837f76') in 0.036184 seconds 
  Import took 0.044632 seconds .

========================================================================
Received Import Request.
  Time since last request: 0.000239 seconds.
  path: Packages/com.unity.render-pipelines.high-definition/Runtime/RenderPipelineResources/Texture/DecalGizmo.png
  artifactKey: Guid(b057b73ec5a603e4aa80ccf4b34db0d3) Importer(815301076,1909f56bfc062723c751e8b465ee728b)
Start importing Packages/com.unity.render-pipelines.high-definition/Runtime/RenderPipelineResources/Texture/DecalGizmo.png using Guid(b057b73ec5a603e4aa80ccf4b34db0d3) Importer(815301076,1909f56bfc062723c751e8b465ee728b)  -> (artifact id: '82cce9027bc8e96c43679f26b7070f45') in 0.013928 seconds 
  Import took 0.021921 seconds .

========================================================================
Received Import Request.
  Time since last request: 0.000540 seconds.
  path: Packages/com.unity.render-pipelines.high-definition/Runtime/RenderPipelineResources/Texture/ReflectionKernelMapping.png
  artifactKey: Guid(82eec49626a00b047ba86244607816c8) Importer(815301076,1909f56bfc062723c751e8b465ee728b)
Start importing Packages/com.unity.render-pipelines.high-definition/Runtime/RenderPipelineResources/Texture/ReflectionKernelMapping.png using Guid(82eec49626a00b047ba86244607816c8) Importer(815301076,1909f56bfc062723c751e8b465ee728b)  -> (artifact id: '030200a0d8c579224560df1c8cc17e9d') in 0.014627 seconds 
  Import took 0.023685 seconds .

========================================================================
Received Import Request.
  Time since last request: 0.000328 seconds.
  path: Packages/com.unity.render-pipelines.high-definition/Runtime/RenderPipelineResources/Texture/DefaultHDRISky.exr
  artifactKey: Guid(8253d41e6e8b11a4cbe77a4f8f82934d) Importer(815301076,1909f56bfc062723c751e8b465ee728b)
Start importing Packages/com.unity.render-pipelines.high-definition/Runtime/RenderPipelineResources/Texture/DefaultHDRISky.exr using Guid(8253d41e6e8b11a4cbe77a4f8f82934d) Importer(815301076,1909f56bfc062723c751e8b465ee728b)  -> (artifact id: '4626998d12a1cca23759e433648c61c9') in 0.072584 seconds 
  Import took 0.080850 seconds .

========================================================================
Received Import Request.
  Time since last request: 0.000268 seconds.
  path: Packages/com.unity.render-pipelines.high-definition/Runtime/RenderPipelineResources/Texture/ShadowKernelMapping.asset
  artifactKey: Guid(98a5a16e4aad05b4b8e1c1af5f8e9fba) Importer(815301076,1909f56bfc062723c751e8b465ee728b)
Start importing Packages/com.unity.render-pipelines.high-definition/Runtime/RenderPipelineResources/Texture/ShadowKernelMapping.asset using Guid(98a5a16e4aad05b4b8e1c1af5f8e9fba) Importer(815301076,1909f56bfc062723c751e8b465ee728b)  -> (artifact id: '63891c987bb4ecc3ea3563df4078c983') in 0.068410 seconds 
  Import took 0.077076 seconds .

========================================================================
Received Prepare
Registering precompiled user dll's ...
Registered in 0.009225 seconds.
Begin MonoManager ReloadAssembly
Native extension for WindowsStandalone target not found
Refreshing native plugins compatible for Editor in 1.09 ms, found 7 plugins.
Preloading 0 native plugins for Editor in 0.00 ms.
Mono: successfully reloaded assembly
- Completed reload, in  1.451 seconds
Domain Reload Profiling:
	ReloadAssembly (1451ms)
		BeginReloadAssembly (144ms)
			ExecutionOrderSort (0ms)
			DisableScriptedObjects (5ms)
			BackupInstance (0ms)
			ReleaseScriptingObjects (0ms)
			CreateAndSetChildDomain (50ms)
		EndReloadAssembly (1236ms)
			LoadAssemblies (120ms)
			RebuildTransferFunctionScriptingTraits (0ms)
			SetupTypeCache (392ms)
			ReleaseScriptCaches (2ms)
			RebuildScriptCaches (75ms)
			SetupLoadedEditorAssemblies (476ms)
				LogAssemblyErrors (0ms)
				InitializePlatformSupportModulesInManaged (4ms)
				SetLoadedEditorAssemblies (1ms)
				RefreshPlugins (1ms)
				BeforeProcessingInitializeOnLoad (127ms)
				ProcessInitializeOnLoadAttributes (320ms)
				ProcessInitializeOnLoadMethodAttributes (17ms)
				AfterProcessingInitializeOnLoad (7ms)
				EditorAssembliesLoaded (0ms)
			ExecutionOrderSort2 (0ms)
			AwakeInstancesAfterBackupRestoration (18ms)
Platform modules already initialized, skipping
Refreshing native plugins compatible for Editor in 1.17 ms, found 7 plugins.
Preloading 0 native plugins for Editor in 0.00 ms.
Unloading 4360 Unused Serialized files (Serialized files now loaded: 0)
System memory in use before: 279.9 MB.
System memory in use after: 280.2 MB.

Unloading 35 unused Assets to reduce memory usage. Loaded Objects now: 5211.
Total: 4.744600 ms (FindLiveObjects: 0.416600 ms CreateObjectMapping: 0.458100 ms MarkObjects: 3.513400 ms  DeleteObjects: 0.355500 ms)

AssetImportParameters requested are different than current active one (requested -> active):
  custom:framework-win-MediaFoundation: 216162199b28c13a410421893ffa2e32 -> 
  custom:video-decoder-ogg-theora: a1e56fd34408186e4bbccfd4996cb3dc -> 
  custom:container-muxer-webm: aa71ff27fc2769a1b78a27578f13a17b -> 
  custom:container-demuxer-webm: 4f35f7cbe854078d1ac9338744f61a02 -> 
  custom:container-demuxer-ogg: 62fdf1f143b41e24485cea50d1cbac27 -> 
  custom:video-encoder-webm-vp8: eb34c28f22e8b96e1ab97ce403110664 -> 
  custom:video-decoder-webm-vp8: 9c59270c3fd7afecdb556c50c9e8de78 -> 
  custom:audio-decoder-ogg-vorbis: bf7c407c2cedff20999df2af8eb42d56 -> 
  custom:audio-encoder-webm-vorbis: bf7c407c2cedff20999df2af8eb42d56 -> 
========================================================================
Received Prepare
Refreshing native plugins compatible for Editor in 12.97 ms, found 7 plugins.
Preloading 0 native plugins for Editor in 0.00 ms.
Unloading 31 Unused Serialized files (Serialized files now loaded: 0)
System memory in use before: 208.8 MB.
System memory in use after: 209.0 MB.

Unloading 31 unused Assets to reduce memory usage. Loaded Objects now: 5211.
Total: 6.449200 ms (FindLiveObjects: 1.784000 ms CreateObjectMapping: 0.842700 ms MarkObjects: 3.789600 ms  DeleteObjects: 0.032000 ms)

AssetImportParameters requested are different than current active one (requested -> active):
  custom:framework-win-MediaFoundation: 216162199b28c13a410421893ffa2e32 -> 
  custom:video-decoder-ogg-theora: a1e56fd34408186e4bbccfd4996cb3dc -> 
  custom:container-muxer-webm: aa71ff27fc2769a1b78a27578f13a17b -> 
  custom:container-demuxer-webm: 4f35f7cbe854078d1ac9338744f61a02 -> 
  custom:container-demuxer-ogg: 62fdf1f143b41e24485cea50d1cbac27 -> 
  custom:video-encoder-webm-vp8: eb34c28f22e8b96e1ab97ce403110664 -> 
  custom:video-decoder-webm-vp8: 9c59270c3fd7afecdb556c50c9e8de78 -> 
  custom:audio-decoder-ogg-vorbis: bf7c407c2cedff20999df2af8eb42d56 -> 
  custom:audio-encoder-webm-vorbis: bf7c407c2cedff20999df2af8eb42d56 -> 
AssetImportWorkerClient::OnTransportError - code=2 error=End of file
